2021-03-21 20:34:46.128 2759: http go_base_server started listening on [:8888]

  SERVER  | DOMAIN  | ADDRESS | METHOD |                       ROUTE                       |                          HANDLER                          |                                                    MIDDLEWARE                                                     
|---------|---------|---------|--------|---------------------------------------------------|-----------------------------------------------------------|------------------------------------------------------------------------------------------------------------------|
  default | default | :8888   | ALL    | /*                                                | go_base_server/boot/internal.(*middleware).Error-fm         | GLOBAL MIDDLEWARE
|---------|---------|---------|--------|---------------------------------------------------|-----------------------------------------------------------|------------------------------------------------------------------------------------------------------------------|
  default | default | :8888   | ALL    | /*                                                | go_base_server/boot/internal.(*middleware).CORS-fm          | GLOBAL MIDDLEWARE
|---------|---------|---------|--------|---------------------------------------------------|-----------------------------------------------------------|------------------------------------------------------------------------------------------------------------------|
  default | default | :8888   | POST   | /api/createApi                                    | go_base_server/app/api/response.(*Handler).Handler.func1.1  | internal.(*middleware).JwtAuth-fm,internal.(*middleware).CasbinRbac-fm,internal.(*middleware).OperationRecord-fm
|---------|---------|---------|--------|---------------------------------------------------|-----------------------------------------------------------|------------------------------------------------------------------------------------------------------------------|
  default | default | :8888   | POST   | /api/deleteApi                                    | go_base_server/app/api/response.(*Handler).Handler.func1.1  | internal.(*middleware).JwtAuth-fm,internal.(*middleware).CasbinRbac-fm,internal.(*middleware).OperationRecord-fm
|---------|---------|---------|--------|---------------------------------------------------|-----------------------------------------------------------|------------------------------------------------------------------------------------------------------------------|
  default | default | :8888   | POST   | /api/getAllApis                                   | go_base_server/app/api/response.(*Handler).Handler.func1.1  | internal.(*middleware).JwtAuth-fm,internal.(*middleware).CasbinRbac-fm,internal.(*middleware).OperationRecord-fm
|---------|---------|---------|--------|---------------------------------------------------|-----------------------------------------------------------|------------------------------------------------------------------------------------------------------------------|
  default | default | :8888   | POST   | /api/getApiById                                   | go_base_server/app/api/response.(*Handler).Handler.func1.1  | internal.(*middleware).JwtAuth-fm,internal.(*middleware).CasbinRbac-fm,internal.(*middleware).OperationRecord-fm
|---------|---------|---------|--------|---------------------------------------------------|-----------------------------------------------------------|------------------------------------------------------------------------------------------------------------------|
  default | default | :8888   | POST   | /api/getApiList                                   | go_base_server/app/api/response.(*Handler).Handler.func1.1  | internal.(*middleware).JwtAuth-fm,internal.(*middleware).CasbinRbac-fm,internal.(*middleware).OperationRecord-fm
|---------|---------|---------|--------|---------------------------------------------------|-----------------------------------------------------------|------------------------------------------------------------------------------------------------------------------|
  default | default | :8888   | POST   | /api/updateApi                                    | go_base_server/app/api/response.(*Handler).Handler.func1.1  | internal.(*middleware).JwtAuth-fm,internal.(*middleware).CasbinRbac-fm,internal.(*middleware).OperationRecord-fm
|---------|---------|---------|--------|---------------------------------------------------|-----------------------------------------------------------|------------------------------------------------------------------------------------------------------------------|
  default | default | :8888   | POST   | /authority/copyAuthority                          | go_base_server/app/api/response.(*Handler).Handler.func1.1  | internal.(*middleware).JwtAuth-fm,internal.(*middleware).CasbinRbac-fm,internal.(*middleware).OperationRecord-fm
|---------|---------|---------|--------|---------------------------------------------------|-----------------------------------------------------------|------------------------------------------------------------------------------------------------------------------|
  default | default | :8888   | POST   | /authority/createAuthority                        | go_base_server/app/api/response.(*Handler).Handler.func1.1  | internal.(*middleware).JwtAuth-fm,internal.(*middleware).CasbinRbac-fm,internal.(*middleware).OperationRecord-fm
|---------|---------|---------|--------|---------------------------------------------------|-----------------------------------------------------------|------------------------------------------------------------------------------------------------------------------|
  default | default | :8888   | POST   | /authority/deleteAuthority                        | go_base_server/app/api/response.(*Handler).Handler.func1.1  | internal.(*middleware).JwtAuth-fm,internal.(*middleware).CasbinRbac-fm,internal.(*middleware).OperationRecord-fm
|---------|---------|---------|--------|---------------------------------------------------|-----------------------------------------------------------|------------------------------------------------------------------------------------------------------------------|
  default | default | :8888   | POST   | /authority/getAuthorityList                       | go_base_server/app/api/response.(*Handler).Handler.func1.1  | internal.(*middleware).JwtAuth-fm,internal.(*middleware).CasbinRbac-fm,internal.(*middleware).OperationRecord-fm
|---------|---------|---------|--------|---------------------------------------------------|-----------------------------------------------------------|------------------------------------------------------------------------------------------------------------------|
  default | default | :8888   | POST   | /authority/setDataAuthority                       | go_base_server/app/api/response.(*Handler).Handler.func1.1  | internal.(*middleware).JwtAuth-fm,internal.(*middleware).CasbinRbac-fm,internal.(*middleware).OperationRecord-fm
|---------|---------|---------|--------|---------------------------------------------------|-----------------------------------------------------------|------------------------------------------------------------------------------------------------------------------|
  default | default | :8888   | PUT    | /authority/updateAuthority                        | go_base_server/app/api/response.(*Handler).Handler.func1.1  | internal.(*middleware).JwtAuth-fm,internal.(*middleware).CasbinRbac-fm,internal.(*middleware).OperationRecord-fm
|---------|---------|---------|--------|---------------------------------------------------|-----------------------------------------------------------|------------------------------------------------------------------------------------------------------------------|
  default | default | :8888   | POST   | /autoCode/createTemp                              | go_base_server/app/api/response.(*Handler).Handler.func1.1  | internal.(*middleware).JwtAuth-fm,internal.(*middleware).CasbinRbac-fm
|---------|---------|---------|--------|---------------------------------------------------|-----------------------------------------------------------|------------------------------------------------------------------------------------------------------------------|
  default | default | :8888   | GET    | /autoCode/getColumn                               | go_base_server/app/api/response.(*Handler).Handler.func1.1  | internal.(*middleware).JwtAuth-fm,internal.(*middleware).CasbinRbac-fm
|---------|---------|---------|--------|---------------------------------------------------|-----------------------------------------------------------|------------------------------------------------------------------------------------------------------------------|
  default | default | :8888   | GET    | /autoCode/getDB                                   | go_base_server/app/api/response.(*Handler).Handler.func1.1  | internal.(*middleware).JwtAuth-fm,internal.(*middleware).CasbinRbac-fm
|---------|---------|---------|--------|---------------------------------------------------|-----------------------------------------------------------|------------------------------------------------------------------------------------------------------------------|
  default | default | :8888   | GET    | /autoCode/getTables                               | go_base_server/app/api/response.(*Handler).Handler.func1.1  | internal.(*middleware).JwtAuth-fm,internal.(*middleware).CasbinRbac-fm
|---------|---------|---------|--------|---------------------------------------------------|-----------------------------------------------------------|------------------------------------------------------------------------------------------------------------------|
  default | default | :8888   | POST   | /autoCode/preview                                 | go_base_server/app/api/response.(*Handler).Handler.func1.1  | internal.(*middleware).JwtAuth-fm,internal.(*middleware).CasbinRbac-fm
|---------|---------|---------|--------|---------------------------------------------------|-----------------------------------------------------------|------------------------------------------------------------------------------------------------------------------|
  default | default | :8888   | POST   | /base/captcha                                     | go_base_server/app/api/response.(*Handler).Handler.func1.1  |
|---------|---------|---------|--------|---------------------------------------------------|-----------------------------------------------------------|------------------------------------------------------------------------------------------------------------------|
  default | default | :8888   | POST   | /base/login                                       | github.com/gogf/gf-jwt.(*GfJWTMiddleware).LoginHandler-fm |                                                                                                                   
|---------|---------|---------|--------|---------------------------------------------------|-----------------------------------------------------------|------------------------------------------------------------------------------------------------------------------|
  default | default | :8888   | POST   | /casbin/getPolicyPathByAuthorityId                | go_base_server/app/api/response.(*Handler).Handler.func1.1  | internal.(*middleware).JwtAuth-fm,internal.(*middleware).CasbinRbac-fm,internal.(*middleware).OperationRecord-fm
|---------|---------|---------|--------|---------------------------------------------------|-----------------------------------------------------------|------------------------------------------------------------------------------------------------------------------|
  default | default | :8888   | POST   | /casbin/updateCasbin                              | go_base_server/app/api/response.(*Handler).Handler.func1.1  | internal.(*middleware).JwtAuth-fm,internal.(*middleware).CasbinRbac-fm,internal.(*middleware).OperationRecord-fm
|---------|---------|---------|--------|---------------------------------------------------|-----------------------------------------------------------|------------------------------------------------------------------------------------------------------------------|
  default | default | :8888   | POST   | /email/emailTest                                  | go_base_server/app/api/response.(*Handler).Handler.func1.1  | internal.(*middleware).JwtAuth-fm,internal.(*middleware).CasbinRbac-fm,internal.(*middleware).OperationRecord-fm
|---------|---------|---------|--------|---------------------------------------------------|-----------------------------------------------------------|------------------------------------------------------------------------------------------------------------------|
  default | default | :8888   | GET    | /excel/downloadTemplate                           | go_base_server/app/api/response.(*Handler).Handler.func1.1  | internal.(*middleware).JwtAuth-fm,internal.(*middleware).CasbinRbac-fm
|---------|---------|---------|--------|---------------------------------------------------|-----------------------------------------------------------|------------------------------------------------------------------------------------------------------------------|
  default | default | :8888   | POST   | /excel/exportExcel                                | go_base_server/app/api/response.(*Handler).Handler.func1.1  | internal.(*middleware).JwtAuth-fm,internal.(*middleware).CasbinRbac-fm
|---------|---------|---------|--------|---------------------------------------------------|-----------------------------------------------------------|------------------------------------------------------------------------------------------------------------------|
  default | default | :8888   | POST   | /excel/importExcel                                | go_base_server/app/api/response.(*Handler).Handler.func1.1  | internal.(*middleware).JwtAuth-fm,internal.(*middleware).CasbinRbac-fm
|---------|---------|---------|--------|---------------------------------------------------|-----------------------------------------------------------|------------------------------------------------------------------------------------------------------------------|
  default | default | :8888   | GET    | /excel/loadExcel                                  | go_base_server/app/api/response.(*Handler).Handler.func1.1  | internal.(*middleware).JwtAuth-fm,internal.(*middleware).CasbinRbac-fm
|---------|---------|---------|--------|---------------------------------------------------|-----------------------------------------------------------|------------------------------------------------------------------------------------------------------------------|
  default | default | :8888   | POST   | /fileUploadAndDownload/breakpointContinue         | go_base_server/app/api/response.(*Handler).Handler.func1.1  |
|---------|---------|---------|--------|---------------------------------------------------|-----------------------------------------------------------|------------------------------------------------------------------------------------------------------------------|
  default | default | :8888   | POST   | /fileUploadAndDownload/breakpointContinueFinish   | go_base_server/app/api/response.(*Handler).Handler.func1.1  |
|---------|---------|---------|--------|---------------------------------------------------|-----------------------------------------------------------|------------------------------------------------------------------------------------------------------------------|
  default | default | :8888   | POST   | /fileUploadAndDownload/deleteFile                 | go_base_server/app/api/response.(*Handler).Handler.func1.1  |
|---------|---------|---------|--------|---------------------------------------------------|-----------------------------------------------------------|------------------------------------------------------------------------------------------------------------------|
  default | default | :8888   | GET    | /fileUploadAndDownload/findFile                   | go_base_server/app/api/response.(*Handler).Handler.func1.1  |
|---------|---------|---------|--------|---------------------------------------------------|-----------------------------------------------------------|------------------------------------------------------------------------------------------------------------------|
  default | default | :8888   | POST   | /fileUploadAndDownload/getFileList                | go_base_server/app/api/response.(*Handler).Handler.func1.1  |
|---------|---------|---------|--------|---------------------------------------------------|-----------------------------------------------------------|------------------------------------------------------------------------------------------------------------------|
  default | default | :8888   | POST   | /fileUploadAndDownload/removeChunk                | go_base_server/app/api/response.(*Handler).Handler.func1.1  |
|---------|---------|---------|--------|---------------------------------------------------|-----------------------------------------------------------|------------------------------------------------------------------------------------------------------------------|
  default | default | :8888   | POST   | /fileUploadAndDownload/upload                     | go_base_server/app/api/response.(*Handler).Handler.func1.1  |
|---------|---------|---------|--------|---------------------------------------------------|-----------------------------------------------------------|------------------------------------------------------------------------------------------------------------------|
  default | default | :8888   | POST   | /init/checkdb                                     | go_base_server/app/api/response.(*Handler).Handler.func1.1  |
|---------|---------|---------|--------|---------------------------------------------------|-----------------------------------------------------------|------------------------------------------------------------------------------------------------------------------|
  default | default | :8888   | POST   | /init/initdb                                      | go_base_server/app/api/response.(*Handler).Handler.func1.1  |
|---------|---------|---------|--------|---------------------------------------------------|-----------------------------------------------------------|------------------------------------------------------------------------------------------------------------------|
  default | default | :8888   | POST   | /jwt/jsonInBlacklist                              | go_base_server/app/api/response.(*Handler).Handler.func1.1  | internal.(*middleware).JwtAuth-fm,internal.(*middleware).CasbinRbac-fm,internal.(*middleware).OperationRecord-fm
|---------|---------|---------|--------|---------------------------------------------------|-----------------------------------------------------------|------------------------------------------------------------------------------------------------------------------|
  default | default | :8888   | POST   | /menu/addBaseMenu                                 | go_base_server/app/api/response.(*Handler).Handler.func1.1  | internal.(*middleware).JwtAuth-fm,internal.(*middleware).CasbinRbac-fm,internal.(*middleware).OperationRecord-fm
|---------|---------|---------|--------|---------------------------------------------------|-----------------------------------------------------------|------------------------------------------------------------------------------------------------------------------|
  default | default | :8888   | POST   | /menu/addMenuAuthority                            | go_base_server/app/api/response.(*Handler).Handler.func1.1  | internal.(*middleware).JwtAuth-fm,internal.(*middleware).CasbinRbac-fm,internal.(*middleware).OperationRecord-fm
|---------|---------|---------|--------|---------------------------------------------------|-----------------------------------------------------------|------------------------------------------------------------------------------------------------------------------|
  default | default | :8888   | POST   | /menu/deleteBaseMenu                              | go_base_server/app/api/response.(*Handler).Handler.func1.1  | internal.(*middleware).JwtAuth-fm,internal.(*middleware).CasbinRbac-fm,internal.(*middleware).OperationRecord-fm
|---------|---------|---------|--------|---------------------------------------------------|-----------------------------------------------------------|------------------------------------------------------------------------------------------------------------------|
  default | default | :8888   | POST   | /menu/getBaseMenuById                             | go_base_server/app/api/response.(*Handler).Handler.func1.1  | internal.(*middleware).JwtAuth-fm,internal.(*middleware).CasbinRbac-fm,internal.(*middleware).OperationRecord-fm
|---------|---------|---------|--------|---------------------------------------------------|-----------------------------------------------------------|------------------------------------------------------------------------------------------------------------------|
  default | default | :8888   | POST   | /menu/getBaseMenuTree                             | go_base_server/app/api/response.(*Handler).Handler.func1.1  | internal.(*middleware).JwtAuth-fm,internal.(*middleware).CasbinRbac-fm,internal.(*middleware).OperationRecord-fm
|---------|---------|---------|--------|---------------------------------------------------|-----------------------------------------------------------|------------------------------------------------------------------------------------------------------------------|
  default | default | :8888   | POST   | /menu/getMenu                                     | go_base_server/app/api/response.(*Handler).Handler.func1.1  | internal.(*middleware).JwtAuth-fm,internal.(*middleware).CasbinRbac-fm,internal.(*middleware).OperationRecord-fm
|---------|---------|---------|--------|---------------------------------------------------|-----------------------------------------------------------|------------------------------------------------------------------------------------------------------------------|
  default | default | :8888   | POST   | /menu/getMenuAuthority                            | go_base_server/app/api/response.(*Handler).Handler.func1.1  | internal.(*middleware).JwtAuth-fm,internal.(*middleware).CasbinRbac-fm,internal.(*middleware).OperationRecord-fm
|---------|---------|---------|--------|---------------------------------------------------|-----------------------------------------------------------|------------------------------------------------------------------------------------------------------------------|
  default | default | :8888   | POST   | /menu/getMenuList                                 | go_base_server/app/api/response.(*Handler).Handler.func1.1  | internal.(*middleware).JwtAuth-fm,internal.(*middleware).CasbinRbac-fm,internal.(*middleware).OperationRecord-fm
|---------|---------|---------|--------|---------------------------------------------------|-----------------------------------------------------------|------------------------------------------------------------------------------------------------------------------|
  default | default | :8888   | POST   | /menu/updateBaseMenu                              | go_base_server/app/api/response.(*Handler).Handler.func1.1  | internal.(*middleware).JwtAuth-fm,internal.(*middleware).CasbinRbac-fm,internal.(*middleware).OperationRecord-fm
|---------|---------|---------|--------|---------------------------------------------------|-----------------------------------------------------------|------------------------------------------------------------------------------------------------------------------|
  default | default | :8888   | GET    | /simpleUploader/checkFileMd5                      | go_base_server/app/api/response.(*Handler).Handler.func1.1  | internal.(*middleware).JwtAuth-fm,internal.(*middleware).CasbinRbac-fm
|---------|---------|---------|--------|---------------------------------------------------|-----------------------------------------------------------|------------------------------------------------------------------------------------------------------------------|
  default | default | :8888   | GET    | /simpleUploader/mergeFileMd5                      | go_base_server/app/api/response.(*Handler).Handler.func1.1  | internal.(*middleware).JwtAuth-fm,internal.(*middleware).CasbinRbac-fm
|---------|---------|---------|--------|---------------------------------------------------|-----------------------------------------------------------|------------------------------------------------------------------------------------------------------------------|
  default | default | :8888   | POST   | /simpleUploader/upload                            | go_base_server/app/api/response.(*Handler).Handler.func1.1  | internal.(*middleware).JwtAuth-fm,internal.(*middleware).CasbinRbac-fm
|---------|---------|---------|--------|---------------------------------------------------|-----------------------------------------------------------|------------------------------------------------------------------------------------------------------------------|
  default | default | :8888   | ALL    | /swagger/*                                        | github.com/gogf/swagger.(*Swagger).Install.func1.1        | HOOK_BEFORE_SERVE                                                                                                 
|---------|---------|---------|--------|---------------------------------------------------|-----------------------------------------------------------|------------------------------------------------------------------------------------------------------------------|
  default | default | :8888   | POST   | /sysDictionary/createSysDictionary                | go_base_server/app/api/response.(*Handler).Handler.func1.1  | internal.(*middleware).JwtAuth-fm,internal.(*middleware).CasbinRbac-fm,internal.(*middleware).OperationRecord-fm
|---------|---------|---------|--------|---------------------------------------------------|-----------------------------------------------------------|------------------------------------------------------------------------------------------------------------------|
  default | default | :8888   | DELETE | /sysDictionary/deleteSysDictionary                | go_base_server/app/api/response.(*Handler).Handler.func1.1  | internal.(*middleware).JwtAuth-fm,internal.(*middleware).CasbinRbac-fm,internal.(*middleware).OperationRecord-fm
|---------|---------|---------|--------|---------------------------------------------------|-----------------------------------------------------------|------------------------------------------------------------------------------------------------------------------|
  default | default | :8888   | GET    | /sysDictionary/findSysDictionary                  | go_base_server/app/api/response.(*Handler).Handler.func1.1  | internal.(*middleware).JwtAuth-fm,internal.(*middleware).CasbinRbac-fm,internal.(*middleware).OperationRecord-fm
|---------|---------|---------|--------|---------------------------------------------------|-----------------------------------------------------------|------------------------------------------------------------------------------------------------------------------|
  default | default | :8888   | GET    | /sysDictionary/getSysDictionaryList               | go_base_server/app/api/response.(*Handler).Handler.func1.1  | internal.(*middleware).JwtAuth-fm,internal.(*middleware).CasbinRbac-fm,internal.(*middleware).OperationRecord-fm
|---------|---------|---------|--------|---------------------------------------------------|-----------------------------------------------------------|------------------------------------------------------------------------------------------------------------------|
  default | default | :8888   | PUT    | /sysDictionary/updateSysDictionary                | go_base_server/app/api/response.(*Handler).Handler.func1.1  | internal.(*middleware).JwtAuth-fm,internal.(*middleware).CasbinRbac-fm,internal.(*middleware).OperationRecord-fm
|---------|---------|---------|--------|---------------------------------------------------|-----------------------------------------------------------|------------------------------------------------------------------------------------------------------------------|
  default | default | :8888   | POST   | /sysDictionaryDetail/createSysDictionaryDetail    | go_base_server/app/api/response.(*Handler).Handler.func1.1  | internal.(*middleware).JwtAuth-fm,internal.(*middleware).CasbinRbac-fm,internal.(*middleware).OperationRecord-fm
|---------|---------|---------|--------|---------------------------------------------------|-----------------------------------------------------------|------------------------------------------------------------------------------------------------------------------|
  default | default | :8888   | DELETE | /sysDictionaryDetail/deleteSysDictionaryDetail    | go_base_server/app/api/response.(*Handler).Handler.func1.1  | internal.(*middleware).JwtAuth-fm,internal.(*middleware).CasbinRbac-fm,internal.(*middleware).OperationRecord-fm
|---------|---------|---------|--------|---------------------------------------------------|-----------------------------------------------------------|------------------------------------------------------------------------------------------------------------------|
  default | default | :8888   | GET    | /sysDictionaryDetail/findSysDictionaryDetail      | go_base_server/app/api/response.(*Handler).Handler.func1.1  | internal.(*middleware).JwtAuth-fm,internal.(*middleware).CasbinRbac-fm,internal.(*middleware).OperationRecord-fm
|---------|---------|---------|--------|---------------------------------------------------|-----------------------------------------------------------|------------------------------------------------------------------------------------------------------------------|
  default | default | :8888   | GET    | /sysDictionaryDetail/getSysDictionaryDetailList   | go_base_server/app/api/response.(*Handler).Handler.func1.1  | internal.(*middleware).JwtAuth-fm,internal.(*middleware).CasbinRbac-fm,internal.(*middleware).OperationRecord-fm
|---------|---------|---------|--------|---------------------------------------------------|-----------------------------------------------------------|------------------------------------------------------------------------------------------------------------------|
  default | default | :8888   | PUT    | /sysDictionaryDetail/updateSysDictionaryDetail    | go_base_server/app/api/response.(*Handler).Handler.func1.1  | internal.(*middleware).JwtAuth-fm,internal.(*middleware).CasbinRbac-fm,internal.(*middleware).OperationRecord-fm
|---------|---------|---------|--------|---------------------------------------------------|-----------------------------------------------------------|------------------------------------------------------------------------------------------------------------------|
  default | default | :8888   | POST   | /sysOperationRecord/createSysOperationRecord      | go_base_server/app/api/response.(*Handler).Handler.func1.1  | internal.(*middleware).JwtAuth-fm,internal.(*middleware).CasbinRbac-fm
|---------|---------|---------|--------|---------------------------------------------------|-----------------------------------------------------------|------------------------------------------------------------------------------------------------------------------|
  default | default | :8888   | DELETE | /sysOperationRecord/deleteSysOperationRecord      | go_base_server/app/api/response.(*Handler).Handler.func1.1  | internal.(*middleware).JwtAuth-fm,internal.(*middleware).CasbinRbac-fm
|---------|---------|---------|--------|---------------------------------------------------|-----------------------------------------------------------|------------------------------------------------------------------------------------------------------------------|
  default | default | :8888   | DELETE | /sysOperationRecord/deleteSysOperationRecordByIds | go_base_server/app/api/response.(*Handler).Handler.func1.1  | internal.(*middleware).JwtAuth-fm,internal.(*middleware).CasbinRbac-fm
|---------|---------|---------|--------|---------------------------------------------------|-----------------------------------------------------------|------------------------------------------------------------------------------------------------------------------|
  default | default | :8888   | GET    | /sysOperationRecord/findSysOperationRecord        | go_base_server/app/api/response.(*Handler).Handler.func1.1  | internal.(*middleware).JwtAuth-fm,internal.(*middleware).CasbinRbac-fm
|---------|---------|---------|--------|---------------------------------------------------|-----------------------------------------------------------|------------------------------------------------------------------------------------------------------------------|
  default | default | :8888   | GET    | /sysOperationRecord/getSysOperationRecordList     | go_base_server/app/api/response.(*Handler).Handler.func1.1  | internal.(*middleware).JwtAuth-fm,internal.(*middleware).CasbinRbac-fm
|---------|---------|---------|--------|---------------------------------------------------|-----------------------------------------------------------|------------------------------------------------------------------------------------------------------------------|
  default | default | :8888   | POST   | /system/getServerInfo                             | go_base_server/app/api/response.(*Handler).Handler.func1.1  | internal.(*middleware).OperationRecord-fm
|---------|---------|---------|--------|---------------------------------------------------|-----------------------------------------------------------|------------------------------------------------------------------------------------------------------------------|
  default | default | :8888   | POST   | /system/getSystemConfig                           | go_base_server/app/api/response.(*Handler).Handler.func1.1  | internal.(*middleware).OperationRecord-fm
|---------|---------|---------|--------|---------------------------------------------------|-----------------------------------------------------------|------------------------------------------------------------------------------------------------------------------|
  default | default | :8888   | POST   | /system/reloadSystem                              | go_base_server/app/api/response.(*Handler).Handler.func1.1  | internal.(*middleware).OperationRecord-fm
|---------|---------|---------|--------|---------------------------------------------------|-----------------------------------------------------------|------------------------------------------------------------------------------------------------------------------|
  default | default | :8888   | POST   | /system/setSystemConfig                           | go_base_server/app/api/response.(*Handler).Handler.func1.1  | internal.(*middleware).OperationRecord-fm
|---------|---------|---------|--------|---------------------------------------------------|-----------------------------------------------------------|------------------------------------------------------------------------------------------------------------------|
  default | default | :8888   | POST   | /user/changePassword                              | go_base_server/app/api/response.(*Handler).Handler.func1.1  | internal.(*middleware).JwtAuth-fm,internal.(*middleware).CasbinRbac-fm,internal.(*middleware).OperationRecord-fm
|---------|---------|---------|--------|---------------------------------------------------|-----------------------------------------------------------|------------------------------------------------------------------------------------------------------------------|
  default | default | :8888   | DELETE | /user/deleteUser                                  | go_base_server/app/api/response.(*Handler).Handler.func1.1  | internal.(*middleware).JwtAuth-fm,internal.(*middleware).CasbinRbac-fm,internal.(*middleware).OperationRecord-fm
|---------|---------|---------|--------|---------------------------------------------------|-----------------------------------------------------------|------------------------------------------------------------------------------------------------------------------|
  default | default | :8888   | POST   | /user/getUserList                                 | go_base_server/app/api/response.(*Handler).Handler.func1.1  | internal.(*middleware).JwtAuth-fm,internal.(*middleware).CasbinRbac-fm,internal.(*middleware).OperationRecord-fm
|---------|---------|---------|--------|---------------------------------------------------|-----------------------------------------------------------|------------------------------------------------------------------------------------------------------------------|
  default | default | :8888   | POST   | /user/register                                    | go_base_server/app/api/response.(*Handler).Handler.func1.1  | internal.(*middleware).JwtAuth-fm,internal.(*middleware).CasbinRbac-fm,internal.(*middleware).OperationRecord-fm
|---------|---------|---------|--------|---------------------------------------------------|-----------------------------------------------------------|------------------------------------------------------------------------------------------------------------------|
  default | default | :8888   | POST   | /user/setUserAuthority                            | go_base_server/app/api/response.(*Handler).Handler.func1.1  | internal.(*middleware).JwtAuth-fm,internal.(*middleware).CasbinRbac-fm,internal.(*middleware).OperationRecord-fm
|---------|---------|---------|--------|---------------------------------------------------|-----------------------------------------------------------|------------------------------------------------------------------------------------------------------------------|
  default | default | :8888   | PUT    | /user/setUserInfo                                 | go_base_server/app/api/response.(*Handler).Handler.func1.1  | internal.(*middleware).JwtAuth-fm,internal.(*middleware).CasbinRbac-fm,internal.(*middleware).OperationRecord-fm
|---------|---------|---------|--------|---------------------------------------------------|-----------------------------------------------------------|------------------------------------------------------------------------------------------------------------------|
  default | default | :8888   | POST   | /workflowProcess/completeWorkflowMove             | go_base_server/app/api/response.(*Handler).Handler.func1.1  | internal.(*middleware).JwtAuth-fm,internal.(*middleware).CasbinRbac-fm
|---------|---------|---------|--------|---------------------------------------------------|-----------------------------------------------------------|------------------------------------------------------------------------------------------------------------------|
  default | default | :8888   | POST   | /workflowProcess/createWorkflowProcess            | go_base_server/app/api/response.(*Handler).Handler.func1.1  | internal.(*middleware).JwtAuth-fm,internal.(*middleware).CasbinRbac-fm
|---------|---------|---------|--------|---------------------------------------------------|-----------------------------------------------------------|------------------------------------------------------------------------------------------------------------------|
  default | default | :8888   | DELETE | /workflowProcess/deleteWorkflowProcess            | go_base_server/app/api/response.(*Handler).Handler.func1.1  | internal.(*middleware).JwtAuth-fm,internal.(*middleware).CasbinRbac-fm
|---------|---------|---------|--------|---------------------------------------------------|-----------------------------------------------------------|------------------------------------------------------------------------------------------------------------------|
  default | default | :8888   | DELETE | /workflowProcess/deleteWorkflowProcessByIds       | go_base_server/app/api/response.(*Handler).Handler.func1.1  | internal.(*middleware).JwtAuth-fm,internal.(*middleware).CasbinRbac-fm
|---------|---------|---------|--------|---------------------------------------------------|-----------------------------------------------------------|------------------------------------------------------------------------------------------------------------------|
  default | default | :8888   | GET    | /workflowProcess/findWorkflowProcess              | go_base_server/app/api/response.(*Handler).Handler.func1.1  | internal.(*middleware).JwtAuth-fm,internal.(*middleware).CasbinRbac-fm
|---------|---------|---------|--------|---------------------------------------------------|-----------------------------------------------------------|------------------------------------------------------------------------------------------------------------------|
  default | default | :8888   | GET    | /workflowProcess/findWorkflowStep                 | go_base_server/app/api/response.(*Handler).Handler.func1.1  | internal.(*middleware).JwtAuth-fm,internal.(*middleware).CasbinRbac-fm
|---------|---------|---------|--------|---------------------------------------------------|-----------------------------------------------------------|------------------------------------------------------------------------------------------------------------------|
  default | default | :8888   | GET    | /workflowProcess/getMyNeed                        | go_base_server/app/api/response.(*Handler).Handler.func1.1  | internal.(*middleware).JwtAuth-fm,internal.(*middleware).CasbinRbac-fm
|---------|---------|---------|--------|---------------------------------------------------|-----------------------------------------------------------|------------------------------------------------------------------------------------------------------------------|
  default | default | :8888   | GET    | /workflowProcess/getMyStated                      | go_base_server/app/api/response.(*Handler).Handler.func1.1  | internal.(*middleware).JwtAuth-fm,internal.(*middleware).CasbinRbac-fm
|---------|---------|---------|--------|---------------------------------------------------|-----------------------------------------------------------|------------------------------------------------------------------------------------------------------------------|
  default | default | :8888   | GET    | /workflowProcess/getWorkflowMoveByID              | go_base_server/app/api/response.(*Handler).Handler.func1.1  | internal.(*middleware).JwtAuth-fm,internal.(*middleware).CasbinRbac-fm
|---------|---------|---------|--------|---------------------------------------------------|-----------------------------------------------------------|------------------------------------------------------------------------------------------------------------------|
  default | default | :8888   | GET    | /workflowProcess/getWorkflowProcessList           | go_base_server/app/api/response.(*Handler).Handler.func1.1  | internal.(*middleware).JwtAuth-fm,internal.(*middleware).CasbinRbac-fm
|---------|---------|---------|--------|---------------------------------------------------|-----------------------------------------------------------|------------------------------------------------------------------------------------------------------------------|
  default | default | :8888   | POST   | /workflowProcess/startWorkflow                    | go_base_server/app/api/response.(*Handler).Handler.func1.1  | internal.(*middleware).JwtAuth-fm,internal.(*middleware).CasbinRbac-fm
|---------|---------|---------|--------|---------------------------------------------------|-----------------------------------------------------------|------------------------------------------------------------------------------------------------------------------|
  default | default | :8888   | PUT    | /workflowProcess/updateWorkflowProcess            | go_base_server/app/api/response.(*Handler).Handler.func1.1  | internal.(*middleware).JwtAuth-fm,internal.(*middleware).CasbinRbac-fm
|---------|---------|---------|--------|---------------------------------------------------|-----------------------------------------------------------|------------------------------------------------------------------------------------------------------------------|

2021-03-21 20:47:37.910 3168: http go_base_server started listening on [:8888]

  SERVER  | DOMAIN  | ADDRESS | METHOD |                       ROUTE                       |                          HANDLER                          |                                                    MIDDLEWARE                                                     
|---------|---------|---------|--------|---------------------------------------------------|-----------------------------------------------------------|------------------------------------------------------------------------------------------------------------------|
  default | default | :8888   | ALL    | /*                                                | go_base_server/boot/internal.(*middleware).Error-fm         | GLOBAL MIDDLEWARE
|---------|---------|---------|--------|---------------------------------------------------|-----------------------------------------------------------|------------------------------------------------------------------------------------------------------------------|
  default | default | :8888   | ALL    | /*                                                | go_base_server/boot/internal.(*middleware).CORS-fm          | GLOBAL MIDDLEWARE
|---------|---------|---------|--------|---------------------------------------------------|-----------------------------------------------------------|------------------------------------------------------------------------------------------------------------------|
  default | default | :8888   | POST   | /api/createApi                                    | go_base_server/app/api/response.(*Handler).Handler.func1.1  | internal.(*middleware).JwtAuth-fm,internal.(*middleware).CasbinRbac-fm,internal.(*middleware).OperationRecord-fm
|---------|---------|---------|--------|---------------------------------------------------|-----------------------------------------------------------|------------------------------------------------------------------------------------------------------------------|
  default | default | :8888   | POST   | /api/deleteApi                                    | go_base_server/app/api/response.(*Handler).Handler.func1.1  | internal.(*middleware).JwtAuth-fm,internal.(*middleware).CasbinRbac-fm,internal.(*middleware).OperationRecord-fm
|---------|---------|---------|--------|---------------------------------------------------|-----------------------------------------------------------|------------------------------------------------------------------------------------------------------------------|
  default | default | :8888   | POST   | /api/getAllApis                                   | go_base_server/app/api/response.(*Handler).Handler.func1.1  | internal.(*middleware).JwtAuth-fm,internal.(*middleware).CasbinRbac-fm,internal.(*middleware).OperationRecord-fm
|---------|---------|---------|--------|---------------------------------------------------|-----------------------------------------------------------|------------------------------------------------------------------------------------------------------------------|
  default | default | :8888   | POST   | /api/getApiById                                   | go_base_server/app/api/response.(*Handler).Handler.func1.1  | internal.(*middleware).JwtAuth-fm,internal.(*middleware).CasbinRbac-fm,internal.(*middleware).OperationRecord-fm
|---------|---------|---------|--------|---------------------------------------------------|-----------------------------------------------------------|------------------------------------------------------------------------------------------------------------------|
  default | default | :8888   | POST   | /api/getApiList                                   | go_base_server/app/api/response.(*Handler).Handler.func1.1  | internal.(*middleware).JwtAuth-fm,internal.(*middleware).CasbinRbac-fm,internal.(*middleware).OperationRecord-fm
|---------|---------|---------|--------|---------------------------------------------------|-----------------------------------------------------------|------------------------------------------------------------------------------------------------------------------|
  default | default | :8888   | POST   | /api/updateApi                                    | go_base_server/app/api/response.(*Handler).Handler.func1.1  | internal.(*middleware).JwtAuth-fm,internal.(*middleware).CasbinRbac-fm,internal.(*middleware).OperationRecord-fm
|---------|---------|---------|--------|---------------------------------------------------|-----------------------------------------------------------|------------------------------------------------------------------------------------------------------------------|
  default | default | :8888   | POST   | /authority/copyAuthority                          | go_base_server/app/api/response.(*Handler).Handler.func1.1  | internal.(*middleware).JwtAuth-fm,internal.(*middleware).CasbinRbac-fm,internal.(*middleware).OperationRecord-fm
|---------|---------|---------|--------|---------------------------------------------------|-----------------------------------------------------------|------------------------------------------------------------------------------------------------------------------|
  default | default | :8888   | POST   | /authority/createAuthority                        | go_base_server/app/api/response.(*Handler).Handler.func1.1  | internal.(*middleware).JwtAuth-fm,internal.(*middleware).CasbinRbac-fm,internal.(*middleware).OperationRecord-fm
|---------|---------|---------|--------|---------------------------------------------------|-----------------------------------------------------------|------------------------------------------------------------------------------------------------------------------|
  default | default | :8888   | POST   | /authority/deleteAuthority                        | go_base_server/app/api/response.(*Handler).Handler.func1.1  | internal.(*middleware).JwtAuth-fm,internal.(*middleware).CasbinRbac-fm,internal.(*middleware).OperationRecord-fm
|---------|---------|---------|--------|---------------------------------------------------|-----------------------------------------------------------|------------------------------------------------------------------------------------------------------------------|
  default | default | :8888   | POST   | /authority/getAuthorityList                       | go_base_server/app/api/response.(*Handler).Handler.func1.1  | internal.(*middleware).JwtAuth-fm,internal.(*middleware).CasbinRbac-fm,internal.(*middleware).OperationRecord-fm
|---------|---------|---------|--------|---------------------------------------------------|-----------------------------------------------------------|------------------------------------------------------------------------------------------------------------------|
  default | default | :8888   | POST   | /authority/setDataAuthority                       | go_base_server/app/api/response.(*Handler).Handler.func1.1  | internal.(*middleware).JwtAuth-fm,internal.(*middleware).CasbinRbac-fm,internal.(*middleware).OperationRecord-fm
|---------|---------|---------|--------|---------------------------------------------------|-----------------------------------------------------------|------------------------------------------------------------------------------------------------------------------|
  default | default | :8888   | PUT    | /authority/updateAuthority                        | go_base_server/app/api/response.(*Handler).Handler.func1.1  | internal.(*middleware).JwtAuth-fm,internal.(*middleware).CasbinRbac-fm,internal.(*middleware).OperationRecord-fm
|---------|---------|---------|--------|---------------------------------------------------|-----------------------------------------------------------|------------------------------------------------------------------------------------------------------------------|
  default | default | :8888   | POST   | /autoCode/createTemp                              | go_base_server/app/api/response.(*Handler).Handler.func1.1  | internal.(*middleware).JwtAuth-fm,internal.(*middleware).CasbinRbac-fm
|---------|---------|---------|--------|---------------------------------------------------|-----------------------------------------------------------|------------------------------------------------------------------------------------------------------------------|
  default | default | :8888   | GET    | /autoCode/getColumn                               | go_base_server/app/api/response.(*Handler).Handler.func1.1  | internal.(*middleware).JwtAuth-fm,internal.(*middleware).CasbinRbac-fm
|---------|---------|---------|--------|---------------------------------------------------|-----------------------------------------------------------|------------------------------------------------------------------------------------------------------------------|
  default | default | :8888   | GET    | /autoCode/getDB                                   | go_base_server/app/api/response.(*Handler).Handler.func1.1  | internal.(*middleware).JwtAuth-fm,internal.(*middleware).CasbinRbac-fm
|---------|---------|---------|--------|---------------------------------------------------|-----------------------------------------------------------|------------------------------------------------------------------------------------------------------------------|
  default | default | :8888   | GET    | /autoCode/getTables                               | go_base_server/app/api/response.(*Handler).Handler.func1.1  | internal.(*middleware).JwtAuth-fm,internal.(*middleware).CasbinRbac-fm
|---------|---------|---------|--------|---------------------------------------------------|-----------------------------------------------------------|------------------------------------------------------------------------------------------------------------------|
  default | default | :8888   | POST   | /autoCode/preview                                 | go_base_server/app/api/response.(*Handler).Handler.func1.1  | internal.(*middleware).JwtAuth-fm,internal.(*middleware).CasbinRbac-fm
|---------|---------|---------|--------|---------------------------------------------------|-----------------------------------------------------------|------------------------------------------------------------------------------------------------------------------|
  default | default | :8888   | POST   | /base/captcha                                     | go_base_server/app/api/response.(*Handler).Handler.func1.1  |
|---------|---------|---------|--------|---------------------------------------------------|-----------------------------------------------------------|------------------------------------------------------------------------------------------------------------------|
  default | default | :8888   | POST   | /base/login                                       | github.com/gogf/gf-jwt.(*GfJWTMiddleware).LoginHandler-fm |                                                                                                                   
|---------|---------|---------|--------|---------------------------------------------------|-----------------------------------------------------------|------------------------------------------------------------------------------------------------------------------|
  default | default | :8888   | POST   | /casbin/getPolicyPathByAuthorityId                | go_base_server/app/api/response.(*Handler).Handler.func1.1  | internal.(*middleware).JwtAuth-fm,internal.(*middleware).CasbinRbac-fm,internal.(*middleware).OperationRecord-fm
|---------|---------|---------|--------|---------------------------------------------------|-----------------------------------------------------------|------------------------------------------------------------------------------------------------------------------|
  default | default | :8888   | POST   | /casbin/updateCasbin                              | go_base_server/app/api/response.(*Handler).Handler.func1.1  | internal.(*middleware).JwtAuth-fm,internal.(*middleware).CasbinRbac-fm,internal.(*middleware).OperationRecord-fm
|---------|---------|---------|--------|---------------------------------------------------|-----------------------------------------------------------|------------------------------------------------------------------------------------------------------------------|
  default | default | :8888   | POST   | /email/emailTest                                  | go_base_server/app/api/response.(*Handler).Handler.func1.1  | internal.(*middleware).JwtAuth-fm,internal.(*middleware).CasbinRbac-fm,internal.(*middleware).OperationRecord-fm
|---------|---------|---------|--------|---------------------------------------------------|-----------------------------------------------------------|------------------------------------------------------------------------------------------------------------------|
  default | default | :8888   | GET    | /excel/downloadTemplate                           | go_base_server/app/api/response.(*Handler).Handler.func1.1  | internal.(*middleware).JwtAuth-fm,internal.(*middleware).CasbinRbac-fm
|---------|---------|---------|--------|---------------------------------------------------|-----------------------------------------------------------|------------------------------------------------------------------------------------------------------------------|
  default | default | :8888   | POST   | /excel/exportExcel                                | go_base_server/app/api/response.(*Handler).Handler.func1.1  | internal.(*middleware).JwtAuth-fm,internal.(*middleware).CasbinRbac-fm
|---------|---------|---------|--------|---------------------------------------------------|-----------------------------------------------------------|------------------------------------------------------------------------------------------------------------------|
  default | default | :8888   | POST   | /excel/importExcel                                | go_base_server/app/api/response.(*Handler).Handler.func1.1  | internal.(*middleware).JwtAuth-fm,internal.(*middleware).CasbinRbac-fm
|---------|---------|---------|--------|---------------------------------------------------|-----------------------------------------------------------|------------------------------------------------------------------------------------------------------------------|
  default | default | :8888   | GET    | /excel/loadExcel                                  | go_base_server/app/api/response.(*Handler).Handler.func1.1  | internal.(*middleware).JwtAuth-fm,internal.(*middleware).CasbinRbac-fm
|---------|---------|---------|--------|---------------------------------------------------|-----------------------------------------------------------|------------------------------------------------------------------------------------------------------------------|
  default | default | :8888   | POST   | /fileUploadAndDownload/breakpointContinue         | go_base_server/app/api/response.(*Handler).Handler.func1.1  |
|---------|---------|---------|--------|---------------------------------------------------|-----------------------------------------------------------|------------------------------------------------------------------------------------------------------------------|
  default | default | :8888   | POST   | /fileUploadAndDownload/breakpointContinueFinish   | go_base_server/app/api/response.(*Handler).Handler.func1.1  |
|---------|---------|---------|--------|---------------------------------------------------|-----------------------------------------------------------|------------------------------------------------------------------------------------------------------------------|
  default | default | :8888   | POST   | /fileUploadAndDownload/deleteFile                 | go_base_server/app/api/response.(*Handler).Handler.func1.1  |
|---------|---------|---------|--------|---------------------------------------------------|-----------------------------------------------------------|------------------------------------------------------------------------------------------------------------------|
  default | default | :8888   | GET    | /fileUploadAndDownload/findFile                   | go_base_server/app/api/response.(*Handler).Handler.func1.1  |
|---------|---------|---------|--------|---------------------------------------------------|-----------------------------------------------------------|------------------------------------------------------------------------------------------------------------------|
  default | default | :8888   | POST   | /fileUploadAndDownload/getFileList                | go_base_server/app/api/response.(*Handler).Handler.func1.1  |
|---------|---------|---------|--------|---------------------------------------------------|-----------------------------------------------------------|------------------------------------------------------------------------------------------------------------------|
  default | default | :8888   | POST   | /fileUploadAndDownload/removeChunk                | go_base_server/app/api/response.(*Handler).Handler.func1.1  |
|---------|---------|---------|--------|---------------------------------------------------|-----------------------------------------------------------|------------------------------------------------------------------------------------------------------------------|
  default | default | :8888   | POST   | /fileUploadAndDownload/upload                     | go_base_server/app/api/response.(*Handler).Handler.func1.1  |
|---------|---------|---------|--------|---------------------------------------------------|-----------------------------------------------------------|------------------------------------------------------------------------------------------------------------------|
  default | default | :8888   | POST   | /init/checkdb                                     | go_base_server/app/api/response.(*Handler).Handler.func1.1  |
|---------|---------|---------|--------|---------------------------------------------------|-----------------------------------------------------------|------------------------------------------------------------------------------------------------------------------|
  default | default | :8888   | POST   | /init/initdb                                      | go_base_server/app/api/response.(*Handler).Handler.func1.1  |
|---------|---------|---------|--------|---------------------------------------------------|-----------------------------------------------------------|------------------------------------------------------------------------------------------------------------------|
  default | default | :8888   | POST   | /jwt/jsonInBlacklist                              | go_base_server/app/api/response.(*Handler).Handler.func1.1  | internal.(*middleware).JwtAuth-fm,internal.(*middleware).CasbinRbac-fm,internal.(*middleware).OperationRecord-fm
|---------|---------|---------|--------|---------------------------------------------------|-----------------------------------------------------------|------------------------------------------------------------------------------------------------------------------|
  default | default | :8888   | POST   | /menu/addBaseMenu                                 | go_base_server/app/api/response.(*Handler).Handler.func1.1  | internal.(*middleware).JwtAuth-fm,internal.(*middleware).CasbinRbac-fm,internal.(*middleware).OperationRecord-fm
|---------|---------|---------|--------|---------------------------------------------------|-----------------------------------------------------------|------------------------------------------------------------------------------------------------------------------|
  default | default | :8888   | POST   | /menu/addMenuAuthority                            | go_base_server/app/api/response.(*Handler).Handler.func1.1  | internal.(*middleware).JwtAuth-fm,internal.(*middleware).CasbinRbac-fm,internal.(*middleware).OperationRecord-fm
|---------|---------|---------|--------|---------------------------------------------------|-----------------------------------------------------------|------------------------------------------------------------------------------------------------------------------|
  default | default | :8888   | POST   | /menu/deleteBaseMenu                              | go_base_server/app/api/response.(*Handler).Handler.func1.1  | internal.(*middleware).JwtAuth-fm,internal.(*middleware).CasbinRbac-fm,internal.(*middleware).OperationRecord-fm
|---------|---------|---------|--------|---------------------------------------------------|-----------------------------------------------------------|------------------------------------------------------------------------------------------------------------------|
  default | default | :8888   | POST   | /menu/getBaseMenuById                             | go_base_server/app/api/response.(*Handler).Handler.func1.1  | internal.(*middleware).JwtAuth-fm,internal.(*middleware).CasbinRbac-fm,internal.(*middleware).OperationRecord-fm
|---------|---------|---------|--------|---------------------------------------------------|-----------------------------------------------------------|------------------------------------------------------------------------------------------------------------------|
  default | default | :8888   | POST   | /menu/getBaseMenuTree                             | go_base_server/app/api/response.(*Handler).Handler.func1.1  | internal.(*middleware).JwtAuth-fm,internal.(*middleware).CasbinRbac-fm,internal.(*middleware).OperationRecord-fm
|---------|---------|---------|--------|---------------------------------------------------|-----------------------------------------------------------|------------------------------------------------------------------------------------------------------------------|
  default | default | :8888   | POST   | /menu/getMenu                                     | go_base_server/app/api/response.(*Handler).Handler.func1.1  | internal.(*middleware).JwtAuth-fm,internal.(*middleware).CasbinRbac-fm,internal.(*middleware).OperationRecord-fm
|---------|---------|---------|--------|---------------------------------------------------|-----------------------------------------------------------|------------------------------------------------------------------------------------------------------------------|
  default | default | :8888   | POST   | /menu/getMenuAuthority                            | go_base_server/app/api/response.(*Handler).Handler.func1.1  | internal.(*middleware).JwtAuth-fm,internal.(*middleware).CasbinRbac-fm,internal.(*middleware).OperationRecord-fm
|---------|---------|---------|--------|---------------------------------------------------|-----------------------------------------------------------|------------------------------------------------------------------------------------------------------------------|
  default | default | :8888   | POST   | /menu/getMenuList                                 | go_base_server/app/api/response.(*Handler).Handler.func1.1  | internal.(*middleware).JwtAuth-fm,internal.(*middleware).CasbinRbac-fm,internal.(*middleware).OperationRecord-fm
|---------|---------|---------|--------|---------------------------------------------------|-----------------------------------------------------------|------------------------------------------------------------------------------------------------------------------|
  default | default | :8888   | POST   | /menu/updateBaseMenu                              | go_base_server/app/api/response.(*Handler).Handler.func1.1  | internal.(*middleware).JwtAuth-fm,internal.(*middleware).CasbinRbac-fm,internal.(*middleware).OperationRecord-fm
|---------|---------|---------|--------|---------------------------------------------------|-----------------------------------------------------------|------------------------------------------------------------------------------------------------------------------|
  default | default | :8888   | GET    | /simpleUploader/checkFileMd5                      | go_base_server/app/api/response.(*Handler).Handler.func1.1  | internal.(*middleware).JwtAuth-fm,internal.(*middleware).CasbinRbac-fm
|---------|---------|---------|--------|---------------------------------------------------|-----------------------------------------------------------|------------------------------------------------------------------------------------------------------------------|
  default | default | :8888   | GET    | /simpleUploader/mergeFileMd5                      | go_base_server/app/api/response.(*Handler).Handler.func1.1  | internal.(*middleware).JwtAuth-fm,internal.(*middleware).CasbinRbac-fm
|---------|---------|---------|--------|---------------------------------------------------|-----------------------------------------------------------|------------------------------------------------------------------------------------------------------------------|
  default | default | :8888   | POST   | /simpleUploader/upload                            | go_base_server/app/api/response.(*Handler).Handler.func1.1  | internal.(*middleware).JwtAuth-fm,internal.(*middleware).CasbinRbac-fm
|---------|---------|---------|--------|---------------------------------------------------|-----------------------------------------------------------|------------------------------------------------------------------------------------------------------------------|
  default | default | :8888   | ALL    | /swagger/*                                        | github.com/gogf/swagger.(*Swagger).Install.func1.1        | HOOK_BEFORE_SERVE                                                                                                 
|---------|---------|---------|--------|---------------------------------------------------|-----------------------------------------------------------|------------------------------------------------------------------------------------------------------------------|
  default | default | :8888   | POST   | /sysDictionary/createSysDictionary                | go_base_server/app/api/response.(*Handler).Handler.func1.1  | internal.(*middleware).JwtAuth-fm,internal.(*middleware).CasbinRbac-fm,internal.(*middleware).OperationRecord-fm
|---------|---------|---------|--------|---------------------------------------------------|-----------------------------------------------------------|------------------------------------------------------------------------------------------------------------------|
  default | default | :8888   | DELETE | /sysDictionary/deleteSysDictionary                | go_base_server/app/api/response.(*Handler).Handler.func1.1  | internal.(*middleware).JwtAuth-fm,internal.(*middleware).CasbinRbac-fm,internal.(*middleware).OperationRecord-fm
|---------|---------|---------|--------|---------------------------------------------------|-----------------------------------------------------------|------------------------------------------------------------------------------------------------------------------|
  default | default | :8888   | GET    | /sysDictionary/findSysDictionary                  | go_base_server/app/api/response.(*Handler).Handler.func1.1  | internal.(*middleware).JwtAuth-fm,internal.(*middleware).CasbinRbac-fm,internal.(*middleware).OperationRecord-fm
|---------|---------|---------|--------|---------------------------------------------------|-----------------------------------------------------------|------------------------------------------------------------------------------------------------------------------|
  default | default | :8888   | GET    | /sysDictionary/getSysDictionaryList               | go_base_server/app/api/response.(*Handler).Handler.func1.1  | internal.(*middleware).JwtAuth-fm,internal.(*middleware).CasbinRbac-fm,internal.(*middleware).OperationRecord-fm
|---------|---------|---------|--------|---------------------------------------------------|-----------------------------------------------------------|------------------------------------------------------------------------------------------------------------------|
  default | default | :8888   | PUT    | /sysDictionary/updateSysDictionary                | go_base_server/app/api/response.(*Handler).Handler.func1.1  | internal.(*middleware).JwtAuth-fm,internal.(*middleware).CasbinRbac-fm,internal.(*middleware).OperationRecord-fm
|---------|---------|---------|--------|---------------------------------------------------|-----------------------------------------------------------|------------------------------------------------------------------------------------------------------------------|
  default | default | :8888   | POST   | /sysDictionaryDetail/createSysDictionaryDetail    | go_base_server/app/api/response.(*Handler).Handler.func1.1  | internal.(*middleware).JwtAuth-fm,internal.(*middleware).CasbinRbac-fm,internal.(*middleware).OperationRecord-fm
|---------|---------|---------|--------|---------------------------------------------------|-----------------------------------------------------------|------------------------------------------------------------------------------------------------------------------|
  default | default | :8888   | DELETE | /sysDictionaryDetail/deleteSysDictionaryDetail    | go_base_server/app/api/response.(*Handler).Handler.func1.1  | internal.(*middleware).JwtAuth-fm,internal.(*middleware).CasbinRbac-fm,internal.(*middleware).OperationRecord-fm
|---------|---------|---------|--------|---------------------------------------------------|-----------------------------------------------------------|------------------------------------------------------------------------------------------------------------------|
  default | default | :8888   | GET    | /sysDictionaryDetail/findSysDictionaryDetail      | go_base_server/app/api/response.(*Handler).Handler.func1.1  | internal.(*middleware).JwtAuth-fm,internal.(*middleware).CasbinRbac-fm,internal.(*middleware).OperationRecord-fm
|---------|---------|---------|--------|---------------------------------------------------|-----------------------------------------------------------|------------------------------------------------------------------------------------------------------------------|
  default | default | :8888   | GET    | /sysDictionaryDetail/getSysDictionaryDetailList   | go_base_server/app/api/response.(*Handler).Handler.func1.1  | internal.(*middleware).JwtAuth-fm,internal.(*middleware).CasbinRbac-fm,internal.(*middleware).OperationRecord-fm
|---------|---------|---------|--------|---------------------------------------------------|-----------------------------------------------------------|------------------------------------------------------------------------------------------------------------------|
  default | default | :8888   | PUT    | /sysDictionaryDetail/updateSysDictionaryDetail    | go_base_server/app/api/response.(*Handler).Handler.func1.1  | internal.(*middleware).JwtAuth-fm,internal.(*middleware).CasbinRbac-fm,internal.(*middleware).OperationRecord-fm
|---------|---------|---------|--------|---------------------------------------------------|-----------------------------------------------------------|------------------------------------------------------------------------------------------------------------------|
  default | default | :8888   | POST   | /sysOperationRecord/createSysOperationRecord      | go_base_server/app/api/response.(*Handler).Handler.func1.1  | internal.(*middleware).JwtAuth-fm,internal.(*middleware).CasbinRbac-fm
|---------|---------|---------|--------|---------------------------------------------------|-----------------------------------------------------------|------------------------------------------------------------------------------------------------------------------|
  default | default | :8888   | DELETE | /sysOperationRecord/deleteSysOperationRecord      | go_base_server/app/api/response.(*Handler).Handler.func1.1  | internal.(*middleware).JwtAuth-fm,internal.(*middleware).CasbinRbac-fm
|---------|---------|---------|--------|---------------------------------------------------|-----------------------------------------------------------|------------------------------------------------------------------------------------------------------------------|
  default | default | :8888   | DELETE | /sysOperationRecord/deleteSysOperationRecordByIds | go_base_server/app/api/response.(*Handler).Handler.func1.1  | internal.(*middleware).JwtAuth-fm,internal.(*middleware).CasbinRbac-fm
|---------|---------|---------|--------|---------------------------------------------------|-----------------------------------------------------------|------------------------------------------------------------------------------------------------------------------|
  default | default | :8888   | GET    | /sysOperationRecord/findSysOperationRecord        | go_base_server/app/api/response.(*Handler).Handler.func1.1  | internal.(*middleware).JwtAuth-fm,internal.(*middleware).CasbinRbac-fm
|---------|---------|---------|--------|---------------------------------------------------|-----------------------------------------------------------|------------------------------------------------------------------------------------------------------------------|
  default | default | :8888   | GET    | /sysOperationRecord/getSysOperationRecordList     | go_base_server/app/api/response.(*Handler).Handler.func1.1  | internal.(*middleware).JwtAuth-fm,internal.(*middleware).CasbinRbac-fm
|---------|---------|---------|--------|---------------------------------------------------|-----------------------------------------------------------|------------------------------------------------------------------------------------------------------------------|
  default | default | :8888   | POST   | /system/getServerInfo                             | go_base_server/app/api/response.(*Handler).Handler.func1.1  | internal.(*middleware).OperationRecord-fm
|---------|---------|---------|--------|---------------------------------------------------|-----------------------------------------------------------|------------------------------------------------------------------------------------------------------------------|
  default | default | :8888   | POST   | /system/getSystemConfig                           | go_base_server/app/api/response.(*Handler).Handler.func1.1  | internal.(*middleware).OperationRecord-fm
|---------|---------|---------|--------|---------------------------------------------------|-----------------------------------------------------------|------------------------------------------------------------------------------------------------------------------|
  default | default | :8888   | POST   | /system/reloadSystem                              | go_base_server/app/api/response.(*Handler).Handler.func1.1  | internal.(*middleware).OperationRecord-fm
|---------|---------|---------|--------|---------------------------------------------------|-----------------------------------------------------------|------------------------------------------------------------------------------------------------------------------|
  default | default | :8888   | POST   | /system/setSystemConfig                           | go_base_server/app/api/response.(*Handler).Handler.func1.1  | internal.(*middleware).OperationRecord-fm
|---------|---------|---------|--------|---------------------------------------------------|-----------------------------------------------------------|------------------------------------------------------------------------------------------------------------------|
  default | default | :8888   | POST   | /user/changePassword                              | go_base_server/app/api/response.(*Handler).Handler.func1.1  | internal.(*middleware).JwtAuth-fm,internal.(*middleware).CasbinRbac-fm,internal.(*middleware).OperationRecord-fm
|---------|---------|---------|--------|---------------------------------------------------|-----------------------------------------------------------|------------------------------------------------------------------------------------------------------------------|
  default | default | :8888   | DELETE | /user/deleteUser                                  | go_base_server/app/api/response.(*Handler).Handler.func1.1  | internal.(*middleware).JwtAuth-fm,internal.(*middleware).CasbinRbac-fm,internal.(*middleware).OperationRecord-fm
|---------|---------|---------|--------|---------------------------------------------------|-----------------------------------------------------------|------------------------------------------------------------------------------------------------------------------|
  default | default | :8888   | POST   | /user/getUserList                                 | go_base_server/app/api/response.(*Handler).Handler.func1.1  | internal.(*middleware).JwtAuth-fm,internal.(*middleware).CasbinRbac-fm,internal.(*middleware).OperationRecord-fm
|---------|---------|---------|--------|---------------------------------------------------|-----------------------------------------------------------|------------------------------------------------------------------------------------------------------------------|
  default | default | :8888   | POST   | /user/register                                    | go_base_server/app/api/response.(*Handler).Handler.func1.1  | internal.(*middleware).JwtAuth-fm,internal.(*middleware).CasbinRbac-fm,internal.(*middleware).OperationRecord-fm
|---------|---------|---------|--------|---------------------------------------------------|-----------------------------------------------------------|------------------------------------------------------------------------------------------------------------------|
  default | default | :8888   | POST   | /user/setUserAuthority                            | go_base_server/app/api/response.(*Handler).Handler.func1.1  | internal.(*middleware).JwtAuth-fm,internal.(*middleware).CasbinRbac-fm,internal.(*middleware).OperationRecord-fm
|---------|---------|---------|--------|---------------------------------------------------|-----------------------------------------------------------|------------------------------------------------------------------------------------------------------------------|
  default | default | :8888   | PUT    | /user/setUserInfo                                 | go_base_server/app/api/response.(*Handler).Handler.func1.1  | internal.(*middleware).JwtAuth-fm,internal.(*middleware).CasbinRbac-fm,internal.(*middleware).OperationRecord-fm
|---------|---------|---------|--------|---------------------------------------------------|-----------------------------------------------------------|------------------------------------------------------------------------------------------------------------------|
  default | default | :8888   | POST   | /workflowProcess/completeWorkflowMove             | go_base_server/app/api/response.(*Handler).Handler.func1.1  | internal.(*middleware).JwtAuth-fm,internal.(*middleware).CasbinRbac-fm
|---------|---------|---------|--------|---------------------------------------------------|-----------------------------------------------------------|------------------------------------------------------------------------------------------------------------------|
  default | default | :8888   | POST   | /workflowProcess/createWorkflowProcess            | go_base_server/app/api/response.(*Handler).Handler.func1.1  | internal.(*middleware).JwtAuth-fm,internal.(*middleware).CasbinRbac-fm
|---------|---------|---------|--------|---------------------------------------------------|-----------------------------------------------------------|------------------------------------------------------------------------------------------------------------------|
  default | default | :8888   | DELETE | /workflowProcess/deleteWorkflowProcess            | go_base_server/app/api/response.(*Handler).Handler.func1.1  | internal.(*middleware).JwtAuth-fm,internal.(*middleware).CasbinRbac-fm
|---------|---------|---------|--------|---------------------------------------------------|-----------------------------------------------------------|------------------------------------------------------------------------------------------------------------------|
  default | default | :8888   | DELETE | /workflowProcess/deleteWorkflowProcessByIds       | go_base_server/app/api/response.(*Handler).Handler.func1.1  | internal.(*middleware).JwtAuth-fm,internal.(*middleware).CasbinRbac-fm
|---------|---------|---------|--------|---------------------------------------------------|-----------------------------------------------------------|------------------------------------------------------------------------------------------------------------------|
  default | default | :8888   | GET    | /workflowProcess/findWorkflowProcess              | go_base_server/app/api/response.(*Handler).Handler.func1.1  | internal.(*middleware).JwtAuth-fm,internal.(*middleware).CasbinRbac-fm
|---------|---------|---------|--------|---------------------------------------------------|-----------------------------------------------------------|------------------------------------------------------------------------------------------------------------------|
  default | default | :8888   | GET    | /workflowProcess/findWorkflowStep                 | go_base_server/app/api/response.(*Handler).Handler.func1.1  | internal.(*middleware).JwtAuth-fm,internal.(*middleware).CasbinRbac-fm
|---------|---------|---------|--------|---------------------------------------------------|-----------------------------------------------------------|------------------------------------------------------------------------------------------------------------------|
  default | default | :8888   | GET    | /workflowProcess/getMyNeed                        | go_base_server/app/api/response.(*Handler).Handler.func1.1  | internal.(*middleware).JwtAuth-fm,internal.(*middleware).CasbinRbac-fm
|---------|---------|---------|--------|---------------------------------------------------|-----------------------------------------------------------|------------------------------------------------------------------------------------------------------------------|
  default | default | :8888   | GET    | /workflowProcess/getMyStated                      | go_base_server/app/api/response.(*Handler).Handler.func1.1  | internal.(*middleware).JwtAuth-fm,internal.(*middleware).CasbinRbac-fm
|---------|---------|---------|--------|---------------------------------------------------|-----------------------------------------------------------|------------------------------------------------------------------------------------------------------------------|
  default | default | :8888   | GET    | /workflowProcess/getWorkflowMoveByID              | go_base_server/app/api/response.(*Handler).Handler.func1.1  | internal.(*middleware).JwtAuth-fm,internal.(*middleware).CasbinRbac-fm
|---------|---------|---------|--------|---------------------------------------------------|-----------------------------------------------------------|------------------------------------------------------------------------------------------------------------------|
  default | default | :8888   | GET    | /workflowProcess/getWorkflowProcessList           | go_base_server/app/api/response.(*Handler).Handler.func1.1  | internal.(*middleware).JwtAuth-fm,internal.(*middleware).CasbinRbac-fm
|---------|---------|---------|--------|---------------------------------------------------|-----------------------------------------------------------|------------------------------------------------------------------------------------------------------------------|
  default | default | :8888   | POST   | /workflowProcess/startWorkflow                    | go_base_server/app/api/response.(*Handler).Handler.func1.1  | internal.(*middleware).JwtAuth-fm,internal.(*middleware).CasbinRbac-fm
|---------|---------|---------|--------|---------------------------------------------------|-----------------------------------------------------------|------------------------------------------------------------------------------------------------------------------|
  default | default | :8888   | PUT    | /workflowProcess/updateWorkflowProcess            | go_base_server/app/api/response.(*Handler).Handler.func1.1  | internal.(*middleware).JwtAuth-fm,internal.(*middleware).CasbinRbac-fm
|---------|---------|---------|--------|---------------------------------------------------|-----------------------------------------------------------|------------------------------------------------------------------------------------------------------------------|

