2021-03-21 20:34:46.124 [INFO] 您正在使用 config 的默认值! {"path":"config/viper.yaml"}
2021-03-21 20:34:46.125 [ERRO] Gorm连接MySQL异常! {"err":{"Op":"dial","Net":"tcp","Source":null,"Addr":{"IP":"127.0.0.1","Port":13307,"Zone":""},"Err":{"Syscall":"connect","Err":61}}} 
Stack:
1.  go_base_server/boot.(*_mysql).Initialize
    /Users/will/Desktop/go_base_server/go_base_server/boot/gorm_mysql.go:47
2.  go_base_server/boot.(*_gorm).Initialize
    /Users/will/Desktop/go_base_server/go_base_server/boot/gorm.go:14
3.  go_base_server/boot.Initialize
    /Users/will/Desktop/go_base_server/go_base_server/boot/boot.go:35
4.  main.main
    /Users/will/Desktop/go_base_server/go_base_server/main.go:13

2021-03-21 20:34:46.126 [INFO] Batch Create Succeed! {"directory":["uploads/file"]}
2021-03-21 20:34:46.126 
	欢迎使用 Gf-Vue-Admin
	当前版本:V2.4.0
	加群方式:微信号：SliverHorn QQ群：1040044540
	默认自动化文档地址:http://127.0.0.1:8888/swagger
	默认前端文件运行地址:http://127.0.0.1:8080
	如果项目让您获得了收益，希望您能请团队喝杯可乐:https://www.go_base_server.com/docs/coffee

2021-03-21 20:47:37.907 [INFO] 您正在使用 config 的默认值! {"path":"config/viper.yaml"}
2021-03-21 20:47:37.908 [ERRO] Gorm连接MySQL异常! {"err":{"Op":"dial","Net":"tcp","Source":null,"Addr":{"IP":"127.0.0.1","Port":13307,"Zone":""},"Err":{"Syscall":"connect","Err":61}}} 
Stack:
1.  go_base_server/boot.(*_mysql).Initialize
    /Users/will/Desktop/go_base_server/go_base_server/boot/gorm_mysql.go:47
2.  go_base_server/boot.(*_gorm).Initialize
    /Users/will/Desktop/go_base_server/go_base_server/boot/gorm.go:14
3.  go_base_server/boot.Initialize
    /Users/will/Desktop/go_base_server/go_base_server/boot/boot.go:35
4.  main.main
    /Users/will/Desktop/go_base_server/go_base_server/main.go:13

2021-03-21 20:47:37.909 [INFO] Batch Create Succeed! {"directory":["uploads/file"]}
2021-03-21 20:47:37.909 
	欢迎使用 Gf-Vue-Admin
	当前版本:V2.4.0
	加群方式:微信号：SliverHorn QQ群：1040044540
	默认自动化文档地址:http://127.0.0.1:8888/swagger
	默认前端文件运行地址:http://127.0.0.1:8080
	如果项目让您获得了收益，希望您能请团队喝杯可乐:https://www.go_base_server.com/docs/coffee

